<?xml version="1.0" encoding="UTF-8"?>
<!-- Generated by org.testng.reporters.JUnitXMLReporter -->
<testsuite ignored="6" hostname="DESKTOP-E97FV9K" failures="0" tests="3" name="Test" time="61.107" errors="0" timestamp="2025-07-07T10:36:11 IST">
  <testcase classname="testpackage.LoginTest" name="dataDriven" time="23.759"/>
  <testcase classname="testpackage.AddtocartProductTest" name="productAddtocart" time="11.946"/>
  <testcase classname="testpackage.CheckoutTest" name="completeCheckout" time="12.957"/>
  <testcase classname="basepackage.BaseClass" name="@AfterTest teardown" time="0.0">
    <ignored/>
  </testcase> <!-- @AfterTest teardown -->
  <testcase classname="basepackage.BaseClass" name="@BeforeTest setUp" time="0.0">
    <ignored/>
  </testcase> <!-- @BeforeTest setUp -->
  <testcase classname="basepackage.BaseClass" name="@AfterTest teardown" time="0.0">
    <ignored/>
  </testcase> <!-- @AfterTest teardown -->
  <testcase classname="basepackage.BaseClass" name="@BeforeTest setUp" time="0.0">
    <ignored/>
  </testcase> <!-- @BeforeTest setUp -->
  <testcase classname="basepackage.BaseClass" name="@BeforeTest setUp" time="0.0">
    <ignored/>
  </testcase> <!-- @BeforeTest setUp -->
  <testcase classname="basepackage.BaseClass" name="@AfterTest teardown" time="0.0">
    <ignored/>
  </testcase> <!-- @AfterTest teardown -->
</testsuite> <!-- Test -->
