<?xml version="1.0" encoding="UTF-8"?>
<testng-results ignored="0" total="3" passed="3" failed="0" skipped="0">
  <reporter-output>
  </reporter-output>
  <suite started-at="2025-07-07T10:35:10 IST" name="Suite" finished-at="2025-07-07T10:36:11 IST" duration-ms="61107">
    <groups>
    </groups>
    <test started-at="2025-07-07T10:35:10 IST" name="Test" finished-at="2025-07-07T10:36:11 IST" duration-ms="61107">
      <class name="testpackage.CheckoutTest">
        <test-method signature="completeCheckout()[pri:0, instance:testpackage.CheckoutTest@477b4cdf]" started-at="2025-07-07T10:35:57 IST" name="completeCheckout" finished-at="2025-07-07T10:36:10 IST" duration-ms="12957" status="PASS">
          <reporter-output>
          </reporter-output>
        </test-method> <!-- completeCheckout -->
      </class> <!-- testpackage.CheckoutTest -->
      <class name="testpackage.AddtocartProductTest">
        <test-method signature="productAddtocart()[pri:0, instance:testpackage.AddtocartProductTest@3eb25e1a]" started-at="2025-07-07T10:35:45 IST" name="productAddtocart" finished-at="2025-07-07T10:35:57 IST" duration-ms="11946" status="PASS">
          <reporter-output>
          </reporter-output>
        </test-method> <!-- productAddtocart -->
      </class> <!-- testpackage.AddtocartProductTest -->
      <class name="testpackage.LoginTest">
        <test-method signature="dataDriven()[pri:0, instance:testpackage.LoginTest@6743e411]" started-at="2025-07-07T10:35:22 IST" name="dataDriven" finished-at="2025-07-07T10:35:45 IST" duration-ms="23759" status="PASS">
          <reporter-output>
          </reporter-output>
        </test-method> <!-- dataDriven -->
      </class> <!-- testpackage.LoginTest -->
      <class name="basepackage.BaseClass">
        <test-method is-config="true" signature="setUp()[pri:0, instance:basepackage.BaseClass@1165b38]" started-at="2025-07-07T10:35:10 IST" name="setUp" finished-at="2025-07-07T10:35:21 IST" duration-ms="11678" status="PASS">
          <reporter-output>
          </reporter-output>
        </test-method> <!-- setUp -->
        <test-method is-config="true" signature="teardown()[pri:0, instance:basepackage.BaseClass@1165b38]" started-at="2025-07-07T10:36:10 IST" name="teardown" finished-at="2025-07-07T10:36:11 IST" duration-ms="642" status="PASS">
          <reporter-output>
          </reporter-output>
        </test-method> <!-- teardown -->
      </class> <!-- basepackage.BaseClass -->
    </test> <!-- Test -->
  </suite> <!-- Suite -->
</testng-results>
